<?xml version="1.0" encoding="UTF-8"?>
<!-- Generated by org.testng.reporters.JUnitXMLReporter -->
<testsuite ignored="6" hostname="JUSTSRIHARI" failures="0" tests="2" name="FirstTest" time="0.048" errors="0" timestamp="2024-10-23T22:40:17 IST">
  <testcase classname="TestClasses.TestClass1" name="test1" time="0.006"/>
  <testcase classname="TestClasses.TestClass1" name="test1" time="0.001"/>
  <testcase classname="TestClasses.TestClass1" name="test6" time="0.0">
    <ignored/>
  </testcase> <!-- test6 -->
  <testcase classname="TestClasses.TestClass1" name="test7" time="0.0">
    <ignored/>
  </testcase> <!-- test7 -->
  <testcase classname="TestClasses.TestClass1" name="test4" time="0.0">
    <ignored/>
  </testcase> <!-- test4 -->
  <testcase classname="TestClasses.TestClass1" name="test5" time="0.0">
    <ignored/>
  </testcase> <!-- test5 -->
  <testcase classname="TestClasses.TestClass1" name="test2" time="0.0">
    <ignored/>
  </testcase> <!-- test2 -->
  <testcase classname="TestClasses.TestClass1" name="test3" time="0.0">
    <ignored/>
  </testcase> <!-- test3 -->
</testsuite> <!-- FirstTest -->
