<?xml version="1.0" encoding="UTF-8"?>
<!-- Generated by org.testng.reporters.JUnitXMLReporter -->
<testsuite ignored="0" hostname="JUSTSRIHARI" failures="0" tests="7" name="Default test" time="0.065" errors="0" timestamp="2024-10-23T22:33:14 IST">
  <testcase classname="TestClasses.TestClass1" name="test1" time="0.006"/>
  <testcase classname="TestClasses.TestClass1" name="test2" time="0.001"/>
  <testcase classname="TestClasses.TestClass1" name="test3" time="0.001"/>
  <testcase classname="TestClasses.TestClass1" name="test4" time="0.001"/>
  <testcase classname="TestClasses.TestClass1" name="test5" time="0.001"/>
  <testcase classname="TestClasses.TestClass1" name="test6" time="0.002"/>
  <testcase classname="TestClasses.TestClass1" name="test7" time="0.001"/>
</testsuite> <!-- Default test -->
