<?xml version="1.0" encoding="UTF-8"?>
<testng-results ignored="0" total="2" passed="2" failed="0" skipped="0">
  <reporter-output>
  </reporter-output>
  <suite started-at="2024-10-23T22:40:17 IST" name="Main Suite" finished-at="2024-10-23T22:40:17 IST" duration-ms="48">
    <groups>
      <group name="regression">
        <method signature="TestClass1.test1(java.lang.String)[pri:0, instance:TestClasses.TestClass1@4803b726]" name="test1" class="TestClasses.TestClass1"/>
      </group> <!-- regression -->
      <group name="smoke">
        <method signature="TestClass1.test1(java.lang.String)[pri:0, instance:TestClasses.TestClass1@4803b726]" name="test1" class="TestClasses.TestClass1"/>
      </group> <!-- smoke -->
    </groups>
    <test started-at="2024-10-23T22:40:17 IST" name="FirstTest" finished-at="2024-10-23T22:40:17 IST" duration-ms="48">
      <class name="TestClasses.TestClass1">
        <test-method signature="test1(java.lang.String)[pri:0, instance:TestClasses.TestClass1@4803b726]" started-at="2024-10-23T22:40:17 IST" name="test1" finished-at="2024-10-23T22:40:17 IST" duration-ms="6" status="PASS">
          <params>
            <param index="0">
              <value>
                <![CDATA[1]]>
              </value>
            </param>
          </params>
          <reporter-output>
          </reporter-output>
        </test-method> <!-- test1 -->
        <test-method is-config="true" signature="afterMethod(org.testng.ITestResult)[pri:0, instance:TestClasses.TestClass1@4803b726]" started-at="2024-10-23T22:40:17 IST" name="afterMethod" finished-at="2024-10-23T22:40:17 IST" duration-ms="3" status="PASS">
          <params>
            <param index="0">
              <value>
                <![CDATA[[TestResult name=test1 status=SUCCESS method=TestClass1.test1(java.lang.String)[pri:0, instance:TestClasses.TestClass1@4803b726] output={null}]]]>
              </value>
            </param>
          </params>
          <reporter-output>
          </reporter-output>
        </test-method> <!-- afterMethod -->
        <test-method signature="test1(java.lang.String)[pri:0, instance:TestClasses.TestClass1@4803b726]" started-at="2024-10-23T22:40:17 IST" name="test1" finished-at="2024-10-23T22:40:17 IST" duration-ms="1" status="PASS">
          <params>
            <param index="0">
              <value>
                <![CDATA[1]]>
              </value>
            </param>
          </params>
          <reporter-output>
          </reporter-output>
        </test-method> <!-- test1 -->
        <test-method is-config="true" signature="afterMethod(org.testng.ITestResult)[pri:0, instance:TestClasses.TestClass1@4803b726]" started-at="2024-10-23T22:40:17 IST" name="afterMethod" finished-at="2024-10-23T22:40:17 IST" duration-ms="0" status="PASS">
          <params>
            <param index="0">
              <value>
                <![CDATA[[TestResult name=test1 status=SUCCESS method=TestClass1.test1(java.lang.String)[pri:0, instance:TestClasses.TestClass1@4803b726] output={null}]]]>
              </value>
            </param>
          </params>
          <reporter-output>
          </reporter-output>
        </test-method> <!-- afterMethod -->
      </class> <!-- TestClasses.TestClass1 -->
    </test> <!-- FirstTest -->
  </suite> <!-- Main Suite -->
</testng-results>
